Shared genera across all cohorts: 25 
Top shared genera by p_interaction:
                  Genus beta_interaction p_interaction beta_PD_female
                 <char>            <num>         <num>          <num>
 1:          Firmicutes       0.29076830    0.03448791    -0.22961540
 2:          Bacillales       0.21951422    0.18151646     0.35608253
 3:     Lachnospiraceae      -0.15823193    0.19296851     0.15238252
 4:     Actinomycetales      -0.20049641    0.19682821     0.29836161
 5:     Lactobacillales      -0.15054317    0.24230326     0.22778298
 6:       Bacteroidetes       0.15460538    0.27198923    -0.36899519
 7: Erysipelotrichaceae      -0.17524820    0.29117603     0.72895905
 8:     Veillonellaceae       0.12608997    0.29171271    -0.33074944
 9:        Unclassified       0.14889725    0.31965999    -0.38411281
10:    Clostridium_XlVa      -0.11075844    0.33859109    -0.15537205
11:         Bacteroides      -0.09905502    0.35129070     0.18280662
12:     Pasteurellaceae      -0.07896727    0.35436415     0.03243539
13:             Bacilli      -0.09680811    0.39213714    -0.04204589
14:       Bacteroidales       0.16565605    0.40392061    -0.59354700
15:    Fusobacteriaceae       0.10103407    0.49877299    -0.41988726
    beta_PD_male q_interaction
           <num>         <num>
 1:  0.061152896     0.7212868
 2:  0.575596750     0.7212868
 3: -0.005849417     0.7212868
 4:  0.097865205     0.7212868
 5:  0.077239809     0.7212868
 6: -0.214389813     0.7212868
 7:  0.553710857     0.7212868
 8: -0.204659471     0.7212868
 9: -0.235215555     0.7212868
10: -0.266130491     0.7212868
11:  0.083751600     0.7212868
12: -0.046531888     0.7212868
13: -0.138854005     0.7212868
14: -0.427890954     0.7212868
15: -0.318853192     0.7993661
