Genera kept (>=10% prevalence overall): 77 
Top 20 meta-analyzed interaction hits:
                            Genus     beta_FE      se_FE         z        p_FE
                           <char>       <num>      <num>     <num>       <num>
 1:                   Eggerthella -0.08962080 0.03164618 -2.831962 0.004626331
 2:                    Firmicutes  0.29539479 0.10968732  2.693062 0.007079902
 3:                Parasutterella -0.07382465 0.02877041 -2.565992 0.010288127
 4:                       Blautia -0.09069432 0.03599467 -2.519659 0.011746843
 5:                 Lactobacillus -0.06806980 0.02825477 -2.409143 0.015990011
 6:                Flavonifractor -0.07913699 0.03297388 -2.399990 0.016395501
 7:                   Victivallis -0.06702509 0.02824506 -2.372985 0.017644998
 8:                    Sutterella -0.06667523 0.02828136 -2.357568 0.018395081
 9:          Pseudoflavonifractor -0.06605096 0.02824316 -2.338653 0.019353392
10:                  Unclassified  0.19327026 0.08271842  2.336484 0.019466031
11:            Betaproteobacteria -0.06500973 0.02822722 -2.303086 0.021274005
12:                   Barnesiella -0.07861916 0.03420172 -2.298691 0.021522514
13:                 Lentisphaeria -0.06264724 0.02824532 -2.217969 0.026556965
14:                 Oscillibacter -0.07191789 0.03326989 -2.161651 0.030645079
15:              Clostridium_XlVa -0.11905057 0.05654095 -2.105564 0.035242275
16:                   Akkermansia -0.07870674 0.03774674 -2.085127 0.037057759
17:                       Bacilli -0.08558276 0.04159038 -2.057754 0.039613798
18:           Gammaproteobacteria -0.10450790 0.05119523 -2.041360 0.041215039
19:                Clostridium_IV -0.06238962 0.03259731 -1.913950 0.055626544
20: Lachnospiracea_incertae_sedis -0.06502015 0.03397955 -1.913508 0.055683045
                            Genus     beta_FE      se_FE         z        p_FE
        k      q_FE
    <int>     <num>
 1:     3 0.1381028
 2:     3 0.1381028
 3:     3 0.1381028
 4:     3 0.1381028
 5:     3 0.1381028
 6:     3 0.1381028
 7:     3 0.1381028
 8:     3 0.1381028
 9:     3 0.1381028
10:     3 0.1381028
11:     3 0.1381028
12:     3 0.1381028
13:     3 0.1572989
14:     3 0.1685479
15:     3 0.1763088
16:     3 0.1763088
17:     3 0.1763088
18:     3 0.1763088
19:     3 0.1950713
20:     3 0.1950713
        k      q_FE
