Top 20 meta interaction hits with heterogeneity:
                            Genus     beta_FE      se_FE        p_FE      q_FE
                           <char>       <num>      <num>       <num>     <num>
 1:                   Eggerthella -0.08962080 0.03164618 0.004626331 0.1381028
 2:                    Firmicutes  0.29539479 0.10968732 0.007079902 0.1381028
 3:                Parasutterella -0.07382465 0.02877041 0.010288127 0.1381028
 4:                       Blautia -0.09069432 0.03599467 0.011746843 0.1381028
 5:                 Lactobacillus -0.06806980 0.02825477 0.015990011 0.1381028
 6:                Flavonifractor -0.07913699 0.03297388 0.016395501 0.1381028
 7:                   Victivallis -0.06702509 0.02824506 0.017644998 0.1381028
 8:                    Sutterella -0.06667523 0.02828136 0.018395081 0.1381028
 9:          Pseudoflavonifractor -0.06605096 0.02824316 0.019353392 0.1381028
10:                  Unclassified  0.19327026 0.08271842 0.019466031 0.1381028
11:            Betaproteobacteria -0.06500973 0.02822722 0.021274005 0.1381028
12:                   Barnesiella -0.07861916 0.03420172 0.021522514 0.1381028
13:                 Lentisphaeria -0.06264724 0.02824532 0.026556965 0.1572989
14:                 Oscillibacter -0.07191789 0.03326989 0.030645079 0.1685479
15:              Clostridium_XlVa -0.11905057 0.05654095 0.035242275 0.1763088
16:                   Akkermansia -0.07870674 0.03774674 0.037057759 0.1763088
17:                       Bacilli -0.08558276 0.04159038 0.039613798 0.1763088
18:           Gammaproteobacteria -0.10450790 0.05119523 0.041215039 0.1763088
19:                Clostridium_IV -0.06238962 0.03259731 0.055626544 0.1950713
20: Lachnospiracea_incertae_sedis -0.06502015 0.03397955 0.055683045 0.1950713
                            Genus     beta_FE      se_FE        p_FE      q_FE
             Q    df        p_Q        I2     k
         <num> <num>      <num>     <num> <int>
 1: 1.21898748     2 0.54362601 0.0000000     3
 2: 0.69086929     2 0.70791260 0.0000000     3
 3: 0.74564737     2 0.68878667 0.0000000     3
 4: 2.54496883     2 0.28013479 0.2141358     3
 5: 0.02028047     2 0.98991100 0.0000000     3
 6: 0.75243757     2 0.68645213 0.0000000     3
 7: 0.13202851     2 0.93611752 0.0000000     3
 8: 0.51890024     2 0.77147569 0.0000000     3
 9: 0.66431517     2 0.71737427 0.0000000     3
10: 6.41864890     2 0.04038389 0.6884079     3
11: 1.41715005     2 0.49234528 0.0000000     3
12: 0.29110313     2 0.86454531 0.0000000     3
13: 5.96305777     2 0.05071524 0.6646016     3
14: 0.11419411     2 0.94450240 0.0000000     3
15: 0.54057271     2 0.76316093 0.0000000     3
16: 0.86283041     2 0.64958914 0.0000000     3
17: 5.41585490     2 0.06667485 0.6307139     3
18: 2.40077523     2 0.30107749 0.1669358     3
19: 5.11747244     2 0.07740250 0.6091821     3
20: 0.11839013     2 0.94252290 0.0000000     3
             Q    df        p_Q        I2     k

Top hits with I2 <= 0.25 (low heterogeneity):
                            Genus     beta_FE      se_FE        p_FE      q_FE
                           <char>       <num>      <num>       <num>     <num>
 1:                   Eggerthella -0.08962080 0.03164618 0.004626331 0.1381028
 2:                    Firmicutes  0.29539479 0.10968732 0.007079902 0.1381028
 3:                Parasutterella -0.07382465 0.02877041 0.010288127 0.1381028
 4:                       Blautia -0.09069432 0.03599467 0.011746843 0.1381028
 5:                 Lactobacillus -0.06806980 0.02825477 0.015990011 0.1381028
 6:                Flavonifractor -0.07913699 0.03297388 0.016395501 0.1381028
 7:                   Victivallis -0.06702509 0.02824506 0.017644998 0.1381028
 8:                    Sutterella -0.06667523 0.02828136 0.018395081 0.1381028
 9:          Pseudoflavonifractor -0.06605096 0.02824316 0.019353392 0.1381028
10:            Betaproteobacteria -0.06500973 0.02822722 0.021274005 0.1381028
11:                   Barnesiella -0.07861916 0.03420172 0.021522514 0.1381028
12:                 Oscillibacter -0.07191789 0.03326989 0.030645079 0.1685479
13:              Clostridium_XlVa -0.11905057 0.05654095 0.035242275 0.1763088
14:                   Akkermansia -0.07870674 0.03774674 0.037057759 0.1763088
15:           Gammaproteobacteria -0.10450790 0.05119523 0.041215039 0.1763088
16: Lachnospiracea_incertae_sedis -0.06502015 0.03397955 0.055683045 0.1950713
17:               Pasteurellaceae -0.07459881 0.03914883 0.056712711 0.1950713
18:               Bifidobacterium -0.06282139 0.03332901 0.059445173 0.1950713
19:            Enterobacteriaceae -0.07131916 0.03809885 0.061213478 0.1950713
20:                  Ruminococcus -0.06315995 0.03379159 0.061608526 0.1950713
                            Genus     beta_FE      se_FE        p_FE      q_FE
           I2       p_Q     k
        <num>     <num> <int>
 1: 0.0000000 0.5436260     3
 2: 0.0000000 0.7079126     3
 3: 0.0000000 0.6887867     3
 4: 0.2141358 0.2801348     3
 5: 0.0000000 0.9899110     3
 6: 0.0000000 0.6864521     3
 7: 0.0000000 0.9361175     3
 8: 0.0000000 0.7714757     3
 9: 0.0000000 0.7173743     3
10: 0.0000000 0.4923453     3
11: 0.0000000 0.8645453     3
12: 0.0000000 0.9445024     3
13: 0.0000000 0.7631609     3
14: 0.0000000 0.6495891     3
15: 0.1669358 0.3010775     3
16: 0.0000000 0.9425229     3
17: 0.0000000 0.5887125     3
18: 0.0000000 0.9505361     3
19: 0.0000000 0.9449980     3
20: 0.0000000 0.4906788     3
           I2       p_Q     k
